<?xml version="1.0" encoding="UTF-8"?>
<testng-results skipped="0" failed="0" ignored="0" total="4" passed="4">
  <reporter-output>
  </reporter-output>
  <suite name="Command line suite" duration-ms="131" started-at="2019-03-27T00:38:36Z" finished-at="2019-03-27T00:38:36Z">
    <groups>
    </groups>
    <test name="Command line test" duration-ms="131" started-at="2019-03-27T00:38:36Z" finished-at="2019-03-27T00:38:36Z">
      <class name="lab1.multTest">
        <test-method status="PASS" signature="setUps()[pri:0, instance:lab1.multTest@340f438e]" name="setUps" is-config="true" duration-ms="1" started-at="2019-03-27T00:38:36Z" finished-at="2019-03-27T00:38:36Z">
          <reporter-output>
          </reporter-output>
        </test-method> <!-- setUps -->
        <test-method status="PASS" signature="multTestCase()[pri:0, instance:lab1.multTest@340f438e]" name="multTestCase" duration-ms="2" started-at="2019-03-27T00:38:36Z" finished-at="2019-03-27T00:38:36Z">
          <reporter-output>
          </reporter-output>
        </test-method> <!-- multTestCase -->
      </class> <!-- lab1.multTest -->
      <class name="lab1.divTest">
        <test-method status="PASS" signature="setUps()[pri:0, instance:lab1.divTest@511baa65]" name="setUps" is-config="true" duration-ms="48" started-at="2019-03-27T00:38:36Z" finished-at="2019-03-27T00:38:36Z">
          <reporter-output>
          </reporter-output>
        </test-method> <!-- setUps -->
        <test-method status="PASS" signature="divTestCase()[pri:0, instance:lab1.divTest@511baa65]" name="divTestCase" duration-ms="5" started-at="2019-03-27T00:38:36Z" finished-at="2019-03-27T00:38:36Z">
          <reporter-output>
          </reporter-output>
        </test-method> <!-- divTestCase -->
      </class> <!-- lab1.divTest -->
      <class name="lab1.sumTest">
        <test-method status="PASS" signature="setUps()[pri:0, instance:lab1.sumTest@5b464ce8]" name="setUps" is-config="true" duration-ms="0" started-at="2019-03-27T00:38:36Z" finished-at="2019-03-27T00:38:36Z">
          <reporter-output>
          </reporter-output>
        </test-method> <!-- setUps -->
        <test-method status="PASS" signature="sumTestCase()[pri:0, instance:lab1.sumTest@5b464ce8]" name="sumTestCase" duration-ms="1" started-at="2019-03-27T00:38:36Z" finished-at="2019-03-27T00:38:36Z">
          <reporter-output>
          </reporter-output>
        </test-method> <!-- sumTestCase -->
      </class> <!-- lab1.sumTest -->
      <class name="lab1.subTest">
        <test-method status="PASS" signature="setUps()[pri:0, instance:lab1.subTest@30c7da1e]" name="setUps" is-config="true" duration-ms="1" started-at="2019-03-27T00:38:36Z" finished-at="2019-03-27T00:38:36Z">
          <reporter-output>
          </reporter-output>
        </test-method> <!-- setUps -->
        <test-method status="PASS" signature="subTestCase()[pri:0, instance:lab1.subTest@30c7da1e]" name="subTestCase" duration-ms="0" started-at="2019-03-27T00:38:36Z" finished-at="2019-03-27T00:38:36Z">
          <reporter-output>
          </reporter-output>
        </test-method> <!-- subTestCase -->
      </class> <!-- lab1.subTest -->
    </test> <!-- Command line test -->
  </suite> <!-- Command line suite -->
</testng-results>
