<?xml version="1.0" encoding="UTF-8"?>
<!-- Generated by org.testng.reporters.JUnitXMLReporter -->
<testsuite hostname="DESKTOP-GASI4BN" ignored="0" name="Command line test" tests="4" failures="0" timestamp="27 三月 2019 00:38:36 GMT" time="0.131" errors="0">
  <testcase name="divTestCase" time="0.005" classname="lab1.divTest"/>
  <testcase name="multTestCase" time="0.002" classname="lab1.multTest"/>
  <testcase name="subTestCase" time="0.0" classname="lab1.subTest"/>
  <testcase name="sumTestCase" time="0.001" classname="lab1.sumTest"/>
</testsuite> <!-- Command line test -->
